2025-07-28 10:37:09,263 [INFO] __main__: Loading data...
2025-07-28 10:38:56,191 [INFO] __main__: Loading data...
2025-07-28 10:38:56,643 [INFO] __main__: Loading embedding model...
2025-07-28 10:39:04,604 [INFO] __main__: Training BERTopic model...
2025-07-28 10:44:44,082 [INFO] __main__: Assigning topics...
2025-07-28 10:44:44,462 [INFO] __main__: Calculating topic trends...
2025-07-28 10:48:58,176 [INFO] __main__: Loading data...
2025-07-28 10:48:58,689 [INFO] __main__: Loading embedding model...
2025-07-28 10:49:05,245 [INFO] __main__: Training BERTopic model...
2025-07-28 10:54:22,337 [INFO] __main__: Assigning topics...
2025-07-28 10:54:22,628 [INFO] __main__: Calculating topic trends...
2025-07-28 10:58:40,378 [INFO] __main__: Loading data...
2025-07-28 10:58:40,869 [INFO] __main__: Loading embedding model...
2025-07-28 10:58:46,863 [INFO] __main__: Training BERTopic model...
2025-07-28 11:04:31,032 [INFO] __main__: Assigning topics...
2025-07-28 11:04:31,559 [INFO] __main__: Calculating topic trends...
2025-07-28 11:08:34,610 [INFO] __main__: Loading data...
2025-07-28 11:08:35,872 [INFO] __main__: Loading embedding model...
2025-07-28 11:08:40,587 [INFO] __main__: Training BERTopic model...
2025-07-28 11:14:15,002 [INFO] __main__: Assigning topics...
2025-07-28 11:14:15,272 [INFO] __main__: Calculating topic trends...
2025-07-28 11:16:56,294 [INFO] __main__: Loading data...
2025-07-28 11:16:56,688 [INFO] __main__: Loading embedding model...
2025-07-28 11:17:00,110 [INFO] __main__: Training BERTopic model...
2025-07-28 11:22:30,038 [INFO] __main__: Assigning topics...
2025-07-28 11:22:30,559 [INFO] __main__: Calculating topic trends...
2025-07-28 11:27:50,395 [INFO] __main__: Loading data...
2025-07-28 11:27:51,036 [INFO] __main__: Loading embedding model...
2025-07-28 11:27:57,174 [INFO] __main__: Training BERTopic model...
2025-07-28 11:33:49,568 [INFO] __main__: Assigning topics...
2025-07-28 11:33:50,301 [INFO] __main__: Calculating topic trends...
2025-07-28 11:38:41,795 [INFO] __main__: Loading data...
2025-07-28 11:38:42,357 [INFO] __main__: Loading embedding model...
2025-07-28 11:38:47,617 [INFO] __main__: Training BERTopic model...
2025-07-28 11:42:54,858 [INFO] __main__: Loading data...
2025-07-28 11:42:55,373 [INFO] __main__: Loading embedding model...
2025-07-28 11:43:58,780 [INFO] __main__: Training BERTopic model...
2025-07-28 11:49:47,012 [INFO] __main__: Assigning topics...
2025-07-28 11:49:47,254 [INFO] __main__: Calculating topic trends...
2025-07-28 11:52:54,293 [INFO] __main__: Loading data...
2025-07-28 11:52:54,713 [INFO] __main__: Loading embedding model...
2025-07-28 11:53:01,410 [INFO] __main__: Training BERTopic model...
2025-07-28 11:58:41,532 [INFO] __main__: Assigning topics...
2025-07-28 11:58:41,791 [INFO] __main__: Calculating topic trends...
2025-07-28 12:00:27,827 [INFO] __main__: Loading data...
2025-07-28 12:00:28,233 [INFO] __main__: Loading embedding model...
2025-07-28 12:00:36,320 [INFO] __main__: Training BERTopic model...
2025-07-28 12:06:56,448 [INFO] __main__: Assigning topics...
2025-07-28 12:06:57,534 [INFO] __main__: Calculating topic trends...
2025-07-28 12:07:04,514 [INFO] __main__: Evaluating topic quality...
2025-07-28 12:10:07,387 [INFO] __main__: Loading data...
2025-07-28 12:10:08,223 [INFO] __main__: Loading embedding model...
2025-07-28 12:10:19,090 [INFO] __main__: Training BERTopic model...
2025-07-28 12:15:55,724 [INFO] __main__: Assigning topics...
2025-07-28 12:15:56,084 [INFO] __main__: Calculating topic trends...
2025-07-28 12:16:02,263 [INFO] __main__: Evaluating topic quality...
2025-07-28 12:16:02,827 [INFO] __main__: Coherence (c_umass): -10.0007
2025-07-28 12:16:02,827 [INFO] __main__: Diversity: 0.8254
2025-07-28 12:16:02,827 [INFO] __main__: Saving model...
2025-07-28 12:19:34,646 [INFO] __main__: Loading data...
2025-07-28 12:19:35,037 [INFO] __main__: Loading embedding model...
2025-07-28 12:19:43,031 [INFO] __main__: Training BERTopic model...
2025-07-28 12:25:00,409 [INFO] __main__: Assigning topics...
2025-07-28 12:25:00,701 [INFO] __main__: Calculating topic trends...
2025-07-28 12:25:06,875 [INFO] __main__: Evaluating topic quality...
2025-07-28 12:25:07,441 [INFO] __main__: Coherence (c_umass): -9.6869
2025-07-28 12:25:07,457 [INFO] __main__: Diversity: 0.8182
2025-07-28 12:25:07,458 [INFO] __main__: Saving model...
2025-07-28 12:32:02,247 [INFO] __main__: Loading data...
2025-07-28 12:32:02,659 [INFO] __main__: Loading embedding model...
2025-07-28 12:32:09,717 [INFO] __main__: Training BERTopic model...
2025-07-28 12:37:58,927 [INFO] __main__: Assigning topics...
2025-07-28 12:37:59,230 [INFO] __main__: Calculating topic trends...
2025-07-28 12:38:05,596 [INFO] __main__: Saving topic trends visualization...
2025-07-28 12:41:44,852 [INFO] __main__: Loading data...
2025-07-28 12:41:45,259 [INFO] __main__: Loading embedding model...
2025-07-28 12:41:54,166 [INFO] __main__: Training BERTopic model...
2025-07-28 12:47:07,339 [INFO] __main__: Assigning topics...
2025-07-28 12:47:07,940 [INFO] __main__: Calculating topic trends...
2025-07-28 12:47:14,978 [INFO] __main__: Saving topic trends visualization...
2025-07-28 12:47:19,471 [INFO] __main__: Evaluating topic quality...
2025-07-28 12:47:20,055 [INFO] __main__: Coherence (c_umass): -9.7851
2025-07-28 12:47:20,056 [INFO] __main__: Diversity: 0.8172
2025-07-28 12:47:20,056 [INFO] __main__: Saving model...
2025-07-28 12:49:51,764 [INFO] __main__: Loading data...
2025-07-28 12:49:52,129 [INFO] __main__: Loading embedding model...
2025-07-28 12:49:59,298 [INFO] __main__: Training BERTopic model...
2025-07-28 12:55:37,407 [INFO] __main__: Assigning topics...
2025-07-28 12:55:37,716 [INFO] __main__: Calculating topic trends...
2025-07-28 12:55:44,040 [INFO] __main__: Saving topic trends visualization...
2025-07-28 12:55:48,056 [INFO] __main__: Evaluating topic quality...
2025-07-28 12:55:48,715 [INFO] __main__: Coherence (c_umass): -9.7871
2025-07-28 12:55:48,715 [INFO] __main__: Diversity: 0.8196
2025-07-28 12:55:48,715 [INFO] __main__: Saving model...
2025-07-29 09:18:23,419 [INFO] __main__: Loading data...
2025-07-29 09:18:24,557 [INFO] __main__: Loading embedding model...
2025-07-29 09:18:40,402 [INFO] __main__: Training BERTopic model...
2025-07-29 09:24:54,367 [INFO] __main__: Assigning topics...
2025-07-29 09:24:54,907 [INFO] __main__: Calculating topic trends...
2025-07-29 09:25:01,250 [INFO] __main__: Saving topic trends visualization...
2025-07-29 09:25:13,432 [INFO] __main__: Evaluating topic quality...
2025-07-29 09:25:14,059 [INFO] __main__: Coherence (c_umass): -9.9523
2025-07-29 09:25:14,059 [INFO] __main__: Diversity: 0.8136
2025-07-29 09:25:14,059 [INFO] __main__: Saving model...
2025-07-29 09:25:58,238 [INFO] __main__: Training completed in 453.69 seconds
